<?xml version="1.0" encoding="UTF-8"?>
<testsuite xmlns:xsi="http://www.w3.org/2001/XMLSchema-instance" xsi:noNamespaceSchemaLocation="https://maven.apache.org/surefire/maven-surefire-plugin/xsd/surefire-test-report-3.0.xsd" version="3.0" name="TestSuite" time="3.479" tests="6" errors="0" skipped="0" failures="0">
  <properties>
[...]
</properties>
  <testcase name="AppTest" classname="AmazonMaven.AppiumTest" time="0.008"/>
  <testcase name="IOSTest" classname="AmazonMaven.AppiumTest" time="0"/>
  <testcase name="DeleteJira" classname="AmazonMaven.RestApiTest" time="0"/>
  <testcase name="RestJira" classname="AmazonMaven.RestApiTest" time="0"/>
  <testcase name="BrowserAutomation" classname="AmazonMaven.SeleniumTest" time="0"/>
  <testcase name="ElementUI" classname="AmazonMaven.SeleniumTest" time="0"/>
</testsuite>