<?xml version="1.0" encoding="UTF-8"?>
<testng-results skipped="0" failed="0" ignored="0" total="6" passed="6">
  <reporter-output>
  </reporter-output>
  <suite name="Surefire suite" duration-ms="52" started-at="2019-09-26T12:16:49Z" finished-at="2019-09-26T12:16:49Z">
    <groups>
    </groups>
    <test name="Surefire test" duration-ms="52" started-at="2019-09-26T12:16:49Z" finished-at="2019-09-26T12:16:49Z">
      <class name="AmazonMaven.SeleniumTest">
        <test-method status="PASS" signature="BrowserAutomation()[pri:0, instance:AmazonMaven.SeleniumTest@38082d64]" name="BrowserAutomation" duration-ms="4" started-at="2019-09-26T12:16:49Z" finished-at="2019-09-26T12:16:49Z">
          <reporter-output>
          </reporter-output>
        </test-method> <!-- BrowserAutomation -->
        <test-method status="PASS" signature="ElementUI()[pri:0, instance:AmazonMaven.SeleniumTest@38082d64]" name="ElementUI" duration-ms="0" started-at="2019-09-26T12:16:49Z" finished-at="2019-09-26T12:16:49Z">
          <reporter-output>
          </reporter-output>
        </test-method> <!-- ElementUI -->
      </class> <!-- AmazonMaven.SeleniumTest -->
      <class name="AmazonMaven.AppiumTest">
        <test-method status="PASS" signature="AppTest()[pri:0, instance:AmazonMaven.AppiumTest@73f792cf]" name="AppTest" duration-ms="8" started-at="2019-09-26T12:16:49Z" finished-at="2019-09-26T12:16:49Z">
          <reporter-output>
          </reporter-output>
        </test-method> <!-- AppTest -->
        <test-method status="PASS" signature="IOSTest()[pri:0, instance:AmazonMaven.AppiumTest@73f792cf]" name="IOSTest" duration-ms="0" started-at="2019-09-26T12:16:49Z" finished-at="2019-09-26T12:16:49Z">
          <reporter-output>
          </reporter-output>
        </test-method> <!-- IOSTest -->
      </class> <!-- AmazonMaven.AppiumTest -->
      <class name="AmazonMaven.RestApiTest">
        <test-method status="PASS" signature="DeleteJira()[pri:0, instance:AmazonMaven.RestApiTest@2ed94a8b]" name="DeleteJira" duration-ms="0" started-at="2019-09-26T12:16:49Z" finished-at="2019-09-26T12:16:49Z">
          <reporter-output>
          </reporter-output>
        </test-method> <!-- DeleteJira -->
        <test-method status="PASS" signature="RestJira()[pri:0, instance:AmazonMaven.RestApiTest@2ed94a8b]" name="RestJira" duration-ms="0" started-at="2019-09-26T12:16:49Z" finished-at="2019-09-26T12:16:49Z">
          <reporter-output>
          </reporter-output>
        </test-method> <!-- RestJira -->
      </class> <!-- AmazonMaven.RestApiTest -->
    </test> <!-- Surefire test -->
  </suite> <!-- Surefire suite -->
</testng-results>
