<?xml version="1.0" encoding="UTF-8"?>
<testng-results skipped="0" failed="0" ignored="0" total="2" passed="2">
  <reporter-output>
  </reporter-output>
  <suite name="Default suite" duration-ms="60" started-at="2019-09-26T11:31:36Z" finished-at="2019-09-26T11:31:36Z">
    <groups>
    </groups>
    <test name="Default test" duration-ms="60" started-at="2019-09-26T11:31:36Z" finished-at="2019-09-26T11:31:36Z">
      <class name="AmazonMaven.SeleniumTest">
        <test-method status="PASS" signature="BrowserAutomation()[pri:0, instance:AmazonMaven.SeleniumTest@cb5822]" name="BrowserAutomation" duration-ms="17" started-at="2019-09-26T11:31:36Z" finished-at="2019-09-26T11:31:36Z">
          <reporter-output>
          </reporter-output>
        </test-method> <!-- BrowserAutomation -->
        <test-method status="PASS" signature="ElementUI()[pri:0, instance:AmazonMaven.SeleniumTest@cb5822]" name="ElementUI" duration-ms="5" started-at="2019-09-26T11:31:36Z" finished-at="2019-09-26T11:31:36Z">
          <reporter-output>
          </reporter-output>
        </test-method> <!-- ElementUI -->
      </class> <!-- AmazonMaven.SeleniumTest -->
    </test> <!-- Default test -->
  </suite> <!-- Default suite -->
</testng-results>
