<?xml version="1.0" encoding="UTF-8"?>
<!-- Generated by org.testng.reporters.JUnitXMLReporter -->
<testsuite hostname="Hsquare" ignored="0" name="Surefire test" tests="6" failures="0" timestamp="26 Sep 2019 12:16:50 GMT" time="0.052" errors="0">
  <testcase name="AppTest" time="0.008" classname="AmazonMaven.AppiumTest"/>
  <testcase name="IOSTest" time="0.0" classname="AmazonMaven.AppiumTest"/>
  <testcase name="DeleteJira" time="0.0" classname="AmazonMaven.RestApiTest"/>
  <testcase name="RestJira" time="0.0" classname="AmazonMaven.RestApiTest"/>
  <testcase name="BrowserAutomation" time="0.004" classname="AmazonMaven.SeleniumTest"/>
  <testcase name="ElementUI" time="0.0" classname="AmazonMaven.SeleniumTest"/>
</testsuite> <!-- Surefire test -->
